Release 14.2 - xst P.28xd (nt64)
Copyright (c) 1995-2012 Xilinx, Inc.  All rights reserved.
--> Parameter TMPDIR set to xst/projnav.tmp


Total REAL time to Xst completion: 0.00 secs
Total CPU time to Xst completion: 0.11 secs
 
--> Parameter xsthdpdir set to xst


Total REAL time to Xst completion: 0.00 secs
Total CPU time to Xst completion: 0.12 secs
 
--> Reading design: mixcolum.prj

TABLE OF CONTENTS
  1) Synthesis Options Summary
  2) HDL Compilation
  3) Design Hierarchy Analysis
  4) HDL Analysis
  5) HDL Synthesis
     5.1) HDL Synthesis Report
  6) Advanced HDL Synthesis
     6.1) Advanced HDL Synthesis Report
  7) Low Level Synthesis
  8) Partition Report
  9) Final Report
	9.1) Device utilization summary
	9.2) Partition Resource Summary
	9.3) TIMING REPORT


=========================================================================
*                      Synthesis Options Summary                        *
=========================================================================
---- Source Parameters
Input File Name                    : "mixcolum.prj"
Input Format                       : mixed
Ignore Synthesis Constraint File   : NO

---- Target Parameters
Output File Name                   : "mixcolum"
Output Format                      : NGC
Target Device                      : xc3s500e-4-fg320

---- Source Options
Top Module Name                    : mixcolum
Automatic FSM Extraction           : YES
FSM Encoding Algorithm             : Auto
Safe Implementation                : No
FSM Style                          : LUT
RAM Extraction                     : Yes
RAM Style                          : Auto
ROM Extraction                     : Yes
Mux Style                          : Auto
Decoder Extraction                 : YES
Priority Encoder Extraction        : Yes
Shift Register Extraction          : YES
Logical Shifter Extraction         : YES
XOR Collapsing                     : YES
ROM Style                          : Auto
Mux Extraction                     : Yes
Resource Sharing                   : YES
Asynchronous To Synchronous        : NO
Multiplier Style                   : Auto
Automatic Register Balancing       : No

---- Target Options
Add IO Buffers                     : YES
Global Maximum Fanout              : 100000
Add Generic Clock Buffer(BUFG)     : 24
Register Duplication               : YES
Slice Packing                      : YES
Optimize Instantiated Primitives   : NO
Use Clock Enable                   : Yes
Use Synchronous Set                : Yes
Use Synchronous Reset              : Yes
Pack IO Registers into IOBs        : Auto
Equivalent register Removal        : YES

---- General Options
Optimization Goal                  : Speed
Optimization Effort                : 1
Keep Hierarchy                     : No
Netlist Hierarchy                  : As_Optimized
RTL Output                         : Yes
Global Optimization                : AllClockNets
Read Cores                         : YES
Write Timing Constraints           : NO
Cross Clock Analysis               : NO
Hierarchy Separator                : /
Bus Delimiter                      : <>
Case Specifier                     : Maintain
Slice Utilization Ratio            : 100
BRAM Utilization Ratio             : 100
Verilog 2001                       : YES
Auto BRAM Packing                  : NO
Slice Utilization Ratio Delta      : 5

=========================================================================


=========================================================================
*                          HDL Compilation                              *
=========================================================================
Compiling verilog file "xtime.v" in library work
Compiling verilog file "mult.v" in library work
Module <xtime> compiled
Compiling verilog file "mixcolum.v" in library work
Module <mult> compiled
Module <mixcolum> compiled
No errors in compilation
Analysis of file <"mixcolum.prj"> succeeded.
 

=========================================================================
*                     Design Hierarchy Analysis                         *
=========================================================================
Analyzing hierarchy for module <mixcolum> in library <work> with parameters.
	enb1 = "10"
	enb10 = "01"
	enb11 = "10"
	enb12 = "11"
	enb13 = "11"
	enb14 = "01"
	enb15 = "01"
	enb16 = "10"
	enb2 = "11"
	enb3 = "01"
	enb4 = "01"
	enb5 = "01"
	enb6 = "10"
	enb7 = "11"
	enb8 = "01"
	enb9 = "01"

Analyzing hierarchy for module <mult> in library <work>.

Analyzing hierarchy for module <xtime> in library <work>.


=========================================================================
*                            HDL Analysis                               *
=========================================================================
Analyzing top module <mixcolum>.
	enb1 = 2'b10
	enb10 = 2'b01
	enb11 = 2'b10
	enb12 = 2'b11
	enb13 = 2'b11
	enb14 = 2'b01
	enb15 = 2'b01
	enb16 = 2'b10
	enb2 = 2'b11
	enb3 = 2'b01
	enb4 = 2'b01
	enb5 = 2'b01
	enb6 = 2'b10
	enb7 = 2'b11
	enb8 = 2'b01
	enb9 = 2'b01
Module <mixcolum> is correct for synthesis.
 
Analyzing module <mult> in library <work>.
Module <mult> is correct for synthesis.
 
Analyzing module <xtime> in library <work>.
Module <xtime> is correct for synthesis.
 

=========================================================================
*                           HDL Synthesis                               *
=========================================================================

Performing bidirectional port resolution...

Synthesizing Unit <xtime>.
    Related source file is "xtime.v".
    Found 2-bit xor2 for signal <out<4:3>>.
    Found 1-bit xor2 for signal <out<1>>.
Unit <xtime> synthesized.


Synthesizing Unit <mult>.
    Related source file is "mult.v".
    Found 8-bit 4-to-1 multiplexer for signal <out>.
    Found 8-bit xor2 for signal <out$xor0000> created at line 35.
    Summary:
	inferred   8 Multiplexer(s).
Unit <mult> synthesized.


Synthesizing Unit <mixcolum>.
    Related source file is "mixcolum.v".
    Found 32-bit xor4 for signal <out>.
    Summary:
	inferred  32 Xor(s).
Unit <mixcolum> synthesized.


=========================================================================
HDL Synthesis Report

Macro Statistics
# Multiplexers                                         : 16
 8-bit 4-to-1 multiplexer                              : 16
# Xors                                                 : 96
 1-bit xor2                                            : 48
 1-bit xor4                                            : 32
 8-bit xor2                                            : 16

=========================================================================

=========================================================================
*                       Advanced HDL Synthesis                          *
=========================================================================


=========================================================================
Advanced HDL Synthesis Report

Macro Statistics
# Multiplexers                                         : 16
 8-bit 4-to-1 multiplexer                              : 16
# Xors                                                 : 96
 1-bit xor2                                            : 48
 1-bit xor4                                            : 32
 8-bit xor2                                            : 16

=========================================================================

=========================================================================
*                         Low Level Synthesis                           *
=========================================================================
WARNING:Xst:1989 - Unit <mixcolum>: instances <m3>, <m15> of unit <mult> are equivalent, second instance is removed
WARNING:Xst:1989 - Unit <mixcolum>: instances <m4>, <m8> of unit <mult> are equivalent, second instance is removed
WARNING:Xst:1989 - Unit <mixcolum>: instances <m5>, <m9> of unit <mult> are equivalent, second instance is removed
WARNING:Xst:1989 - Unit <mixcolum>: instances <m10>, <m14> of unit <mult> are equivalent, second instance is removed

Optimizing unit <mixcolum> ...

Mapping all equations...
Building and optimizing final netlist ...
Found area constraint ratio of 100 (+ 5) on block mixcolum, actual ratio is 0.

Final Macro Processing ...

=========================================================================
Final Register Report

Found no macro
=========================================================================

=========================================================================
*                           Partition Report                            *
=========================================================================

Partition Implementation Status
-------------------------------

  No Partitions were found in this design.

-------------------------------

=========================================================================
*                            Final Report                               *
=========================================================================
Final Results
RTL Top Level Output File Name     : mixcolum.ngr
Top Level Output File Name         : mixcolum
Output Format                      : NGC
Optimization Goal                  : Speed
Keep Hierarchy                     : No

Design Statistics
# IOs                              : 64

Cell Usage :
# BELS                             : 78
#      LUT2                        : 2
#      LUT4                        : 60
#      MUXF5                       : 16
# IO Buffers                       : 64
#      IBUF                        : 32
#      OBUF                        : 32
=========================================================================

Device utilization summary:
---------------------------

Selected Device : 3s500efg320-4 

 Number of Slices:                       33  out of   4656     0%  
 Number of 4 input LUTs:                 62  out of   9312     0%  
 Number of IOs:                          64
 Number of bonded IOBs:                  64  out of    232    27%  

---------------------------
Partition Resource Summary:
---------------------------

  No Partitions were found in this design.

---------------------------


=========================================================================
TIMING REPORT

NOTE: THESE TIMING NUMBERS ARE ONLY A SYNTHESIS ESTIMATE.
      FOR ACCURATE TIMING INFORMATION PLEASE REFER TO THE TRACE REPORT
      GENERATED AFTER PLACE-and-ROUTE.

Clock Information:
------------------
No clock signals found in this design

Asynchronous Control Signals Information:
----------------------------------------
No asynchronous control signals found in this design

Timing Summary:
---------------
Speed Grade: -4

   Minimum period: No path found
   Minimum input arrival time before clock: No path found
   Maximum output required time after clock: No path found
   Maximum combinational path delay: 7.934ns

Timing Detail:
--------------
All values displayed in nanoseconds (ns)

=========================================================================
Timing constraint: Default path analysis
  Total number of paths / destination ports: 248 / 32
-------------------------------------------------------------------------
Delay:               7.934ns (Levels of Logic = 4)
  Source:            in<23> (PAD)
  Destination:       out<28> (PAD)

  Data Path: in<23> to out<28>
                                Gate     Net
    Cell:in->out      fanout   Delay   Delay  Logical Name (Net Name)
    ----------------------------------------  ------------
     IBUF:I->O            15   1.218   1.192  in_23_IBUF (in_23_IBUF)
     LUT4:I0->O            1   0.704   0.424  out<28>_SW0 (N46)
     LUT4:I3->O            1   0.704   0.420  out<28> (out_28_OBUF)
     OBUF:I->O                 3.272          out_28_OBUF (out<28>)
    ----------------------------------------
    Total                      7.934ns (5.898ns logic, 2.036ns route)
                                       (74.3% logic, 25.7% route)

=========================================================================


Total REAL time to Xst completion: 7.00 secs
Total CPU time to Xst completion: 7.04 secs
 
--> 

Total memory usage is 255372 kilobytes

Number of errors   :    0 (   0 filtered)
Number of warnings :    4 (   0 filtered)
Number of infos    :    0 (   0 filtered)

